20: 2019-02-18 01:50:56,137 finnish_business_portal.core.model: 1 queries to make (time taken > 2)...
20: 2019-02-18 01:51:08,360 finnish_business_portal.core.model: 10 queries to make (time taken > 20)...
20: 2019-02-18 01:52:30,951 finnish_business_portal.core.model: 1 queries to make (time taken > 2)...
20: 2019-02-18 01:54:27,842 finnish_business_portal.core.model: 1 queries to make (time taken > 2)...
20: 2019-02-18 01:54:40,077 finnish_business_portal.core.model: 10 queries to make (time taken > 20)...
10: 2019-02-18 01:57:03,287 finnish_business_portal.core.connection: Connecting to http://avoindata.prh.fi/bis_v1.fi.json...
10: 2019-02-18 01:57:03,365 finnish_business_portal.core.connection: Connecting to http://avoindata.prh.fi/tr_v1.fi.json...
20: 2019-02-18 01:57:03,429 finnish_business_portal.core.model: 1 queries to make (time taken > 2)...
10: 2019-02-18 01:57:03,431 finnish_business_portal.core.connection: Waiting 2 seconds
10: 2019-02-18 01:57:05,434 finnish_business_portal.core.connection: Connecting to http://avoindata.prh.fi/bis/v1?totalResults=false&maxResults=10&resultsFrom=0&name=fortum&companyRegistrationFrom=2000-02-28...
20: 2019-02-18 01:57:16,264 finnish_business_portal.core.model: 10 queries to make (time taken > 20)...
10: 2019-02-18 01:57:16,265 finnish_business_portal.core.connection: Waiting 2 seconds
10: 2019-02-18 01:57:18,267 finnish_business_portal.core.connection: Connecting to http://avoindata.prh.fi/opendata/bis/v1/2679784-7...
10: 2019-02-18 01:57:18,412 finnish_business_portal.core.connection: Waiting 2 seconds
10: 2019-02-18 01:57:20,413 finnish_business_portal.core.connection: Connecting to http://avoindata.prh.fi/opendata/bis/v1/2481332-1...
10: 2019-02-18 01:57:20,518 finnish_business_portal.core.connection: Waiting 2 seconds
10: 2019-02-18 01:57:22,519 finnish_business_portal.core.connection: Connecting to http://avoindata.prh.fi/opendata/bis/v1/2481338-0...
10: 2019-02-18 01:57:22,615 finnish_business_portal.core.connection: Waiting 2 seconds
10: 2019-02-18 01:57:24,616 finnish_business_portal.core.connection: Connecting to http://avoindata.prh.fi/opendata/bis/v1/2481336-4...
10: 2019-02-18 01:57:24,746 finnish_business_portal.core.connection: Waiting 2 seconds
10: 2019-02-18 01:57:26,747 finnish_business_portal.core.connection: Connecting to http://avoindata.prh.fi/opendata/bis/v1/2185030-3...
10: 2019-02-18 01:57:26,887 finnish_business_portal.core.connection: Waiting 2 seconds
10: 2019-02-18 01:57:28,888 finnish_business_portal.core.connection: Connecting to http://avoindata.prh.fi/opendata/bis/v1/2079891-0...
10: 2019-02-18 01:57:29,091 finnish_business_portal.core.connection: Waiting 2 seconds
10: 2019-02-18 01:57:31,093 finnish_business_portal.core.connection: Connecting to http://avoindata.prh.fi/opendata/bis/v1/2059590-2...
10: 2019-02-18 01:57:31,185 finnish_business_portal.core.connection: Waiting 2 seconds
10: 2019-02-18 01:57:33,186 finnish_business_portal.core.connection: Connecting to http://avoindata.prh.fi/opendata/bis/v1/2059592-9...
10: 2019-02-18 01:57:33,317 finnish_business_portal.core.connection: Waiting 2 seconds
10: 2019-02-18 01:57:35,319 finnish_business_portal.core.connection: Connecting to http://avoindata.prh.fi/opendata/bis/v1/1852328-0...
10: 2019-02-18 01:57:35,463 finnish_business_portal.core.connection: Waiting 2 seconds
10: 2019-02-18 01:57:37,465 finnish_business_portal.core.connection: Connecting to http://avoindata.prh.fi/opendata/bis/v1/1852303-7...
10: 2019-02-19 10:38:29,730 finnish_business_portal.core.connection: Connecting to http://avoindata.prh.fi/bis_v1.fi.json...
10: 2019-02-19 10:38:29,808 finnish_business_portal.core.connection: Connecting to http://avoindata.prh.fi/tr_v1.fi.json...
10: 2019-02-19 10:45:37,142 finnish_business_portal.core.connection: Connecting to http://avoindata.prh.fi/bis_v1.fi.json...
10: 2019-02-19 10:45:37,210 finnish_business_portal.core.connection: Connecting to http://avoindata.prh.fi/tr_v1.fi.json...
10: 2019-02-19 10:50:01,942 finnish_business_portal.core.connection: Connecting to http://avoindata.prh.fi/bis_v1.fi.json...
10: 2019-02-19 10:50:02,022 finnish_business_portal.core.connection: Connecting to http://avoindata.prh.fi/tr_v1.fi.json...
10: 2019-02-19 10:53:44,545 finnish_business_portal.core.connection: Connecting to http://avoindata.prh.fi/bis_v1.fi.json...
10: 2019-02-19 10:53:44,627 finnish_business_portal.core.connection: Connecting to http://avoindata.prh.fi/tr_v1.fi.json...
10: 2019-02-19 11:02:48,087 finnish_business_portal.core.connection: Connecting to http://avoindata.prh.fi/bis_v1.fi.json...
10: 2019-02-19 11:02:48,153 finnish_business_portal.core.connection: Connecting to http://avoindata.prh.fi/tr_v1.fi.json...
10: 2019-02-19 11:15:39,024 finnish_business_portal.core.connection: Connecting to http://avoindata.prh.fi/bis_v1.fi.json...
10: 2019-02-19 11:15:39,086 finnish_business_portal.core.connection: Connecting to http://avoindata.prh.fi/tr_v1.fi.json...
10: 2019-02-19 11:16:14,606 finnish_business_portal.core.connection: Connecting to http://avoindata.prh.fi/bis_v1.fi.json...
10: 2019-02-19 11:16:14,681 finnish_business_portal.core.connection: Connecting to http://avoindata.prh.fi/tr_v1.fi.json...
10: 2019-02-19 11:17:07,040 finnish_business_portal.core.connection: Connecting to http://avoindata.prh.fi/bis_v1.fi.json...
10: 2019-02-19 11:17:07,135 finnish_business_portal.core.connection: Connecting to http://avoindata.prh.fi/tr_v1.fi.json...
10: 2019-02-19 11:17:26,475 finnish_business_portal.core.connection: Connecting to http://avoindata.prh.fi/bis_v1.fi.json...
10: 2019-02-19 11:17:26,540 finnish_business_portal.core.connection: Connecting to http://avoindata.prh.fi/tr_v1.fi.json...
10: 2019-02-19 11:18:19,267 finnish_business_portal.core.connection: Connecting to http://avoindata.prh.fi/bis_v1.fi.json...
10: 2019-02-19 11:18:19,340 finnish_business_portal.core.connection: Connecting to http://avoindata.prh.fi/tr_v1.fi.json...
10: 2019-02-19 11:19:06,125 finnish_business_portal.core.connection: Connecting to http://avoindata.prh.fi/bis_v1.fi.json...
10: 2019-02-19 11:19:06,204 finnish_business_portal.core.connection: Connecting to http://avoindata.prh.fi/tr_v1.fi.json...
10: 2019-02-19 11:24:38,472 finnish_business_portal.core.connection: Connecting to http://avoindata.prh.fi/bis_v1.fi.json...
10: 2019-02-19 11:24:38,536 finnish_business_portal.core.connection: Connecting to http://avoindata.prh.fi/tr_v1.fi.json...
10: 2019-02-19 11:25:35,519 finnish_business_portal.core.connection: Connecting to http://avoindata.prh.fi/bis_v1.fi.json...
10: 2019-02-19 11:25:35,592 finnish_business_portal.core.connection: Connecting to http://avoindata.prh.fi/tr_v1.fi.json...
10: 2019-02-19 11:26:20,988 finnish_business_portal.core.connection: Connecting to http://avoindata.prh.fi/bis_v1.fi.json...
10: 2019-02-19 11:26:21,052 finnish_business_portal.core.connection: Connecting to http://avoindata.prh.fi/tr_v1.fi.json...
10: 2019-02-19 11:26:48,463 finnish_business_portal.core.connection: Connecting to http://avoindata.prh.fi/bis_v1.fi.json...
10: 2019-02-19 11:26:48,520 finnish_business_portal.core.connection: Connecting to http://avoindata.prh.fi/tr_v1.fi.json...
10: 2019-02-19 11:31:10,410 finnish_business_portal.core.connection: Connecting to http://avoindata.prh.fi/bis_v1.fi.json...
10: 2019-02-19 11:31:10,481 finnish_business_portal.core.connection: Connecting to http://avoindata.prh.fi/tr_v1.fi.json...
10: 2019-02-19 11:33:39,555 finnish_business_portal.core.connection: Connecting to http://avoindata.prh.fi/bis_v1.fi.json...
10: 2019-02-19 11:33:39,628 finnish_business_portal.core.connection: Connecting to http://avoindata.prh.fi/tr_v1.fi.json...
20: 2019-02-19 11:34:26,774 finnish_business_portal.core.model: 1 queries to make (time taken > 2)...
10: 2019-02-19 11:34:26,775 finnish_business_portal.core.connection: Waiting 2 seconds
10: 2019-02-19 11:34:28,776 finnish_business_portal.core.connection: Connecting to http://avoindata.prh.fi/bis/v1?totalResults=false&maxResults=10&resultsFrom=0&companyRegistrationFrom=2014-02-28&name=Fortum...
20: 2019-02-19 11:34:31,595 finnish_business_portal.core.model: 1 queries to make (time taken > 2)...
10: 2019-02-19 11:34:31,595 finnish_business_portal.core.connection: Waiting 2 seconds
10: 2019-02-19 11:34:33,596 finnish_business_portal.core.connection: Connecting to None...
10: 2019-02-19 11:36:12,998 finnish_business_portal.core.connection: Connecting to http://avoindata.prh.fi/bis_v1.fi.json...
10: 2019-02-19 11:36:13,069 finnish_business_portal.core.connection: Connecting to http://avoindata.prh.fi/tr_v1.fi.json...
20: 2019-02-19 11:36:21,172 finnish_business_portal.core.model: 1 queries to make (time taken > 2)...
10: 2019-02-19 11:36:21,173 finnish_business_portal.core.connection: Waiting 2 seconds
10: 2019-02-19 11:36:23,175 finnish_business_portal.core.connection: Connecting to http://avoindata.prh.fi/bis/v1?totalResults=false&maxResults=10&resultsFrom=0&companyRegistrationFrom=2014-02-28&name=Fortum...
10: 2019-02-19 11:43:41,973 finnish_business_portal.core.connection: Connecting to http://avoindata.prh.fi/bis_v1.fi.json...
10: 2019-02-19 11:43:42,075 finnish_business_portal.core.connection: Connecting to http://avoindata.prh.fi/tr_v1.fi.json...
20: 2019-02-19 11:43:57,538 finnish_business_portal.core.model: 1 queries to make (time taken > 2)...
10: 2019-02-19 11:43:57,540 finnish_business_portal.core.connection: Waiting 2 seconds
10: 2019-02-19 11:43:59,542 finnish_business_portal.core.connection: Connecting to http://avoindata.prh.fi/bis/v1?totalResults=false&maxResults=10&resultsFrom=0&companyRegistrationFrom=2014-02-28&name=Fortum...
10: 2019-02-19 11:45:40,398 finnish_business_portal.core.connection: Connecting to http://avoindata.prh.fi/bis_v1.fi.json...
10: 2019-02-19 11:45:40,468 finnish_business_portal.core.connection: Connecting to http://avoindata.prh.fi/tr_v1.fi.json...
20: 2019-02-19 11:45:48,249 finnish_business_portal.core.model: 1 queries to make (time taken > 2)...
10: 2019-02-19 11:45:48,250 finnish_business_portal.core.connection: Waiting 2 seconds
10: 2019-02-19 11:45:50,251 finnish_business_portal.core.connection: Connecting to http://avoindata.prh.fi/bis/v1?totalResults=false&maxResults=10&resultsFrom=0&companyRegistrationFrom=2014-02-28&name=Fortum...
10: 2019-02-19 11:51:08,473 finnish_business_portal.core.connection: Connecting to http://avoindata.prh.fi/bis_v1.fi.json...
10: 2019-02-19 11:51:08,544 finnish_business_portal.core.connection: Connecting to http://avoindata.prh.fi/tr_v1.fi.json...
20: 2019-02-19 11:51:29,584 finnish_business_portal.core.model: 1 queries to make (time taken > 2)...
10: 2019-02-19 11:51:29,585 finnish_business_portal.core.connection: Waiting 2 seconds
10: 2019-02-19 11:51:31,586 finnish_business_portal.core.connection: Connecting to http://avoindata.prh.fi/bis/v1?totalResults=false&maxResults=10&resultsFrom=0&companyRegistrationFrom=2014-02-28&name=Fortum...
10: 2019-02-19 11:53:42,538 finnish_business_portal.core.connection: Connecting to http://avoindata.prh.fi/bis_v1.fi.json...
10: 2019-02-19 11:53:42,606 finnish_business_portal.core.connection: Connecting to http://avoindata.prh.fi/tr_v1.fi.json...
20: 2019-02-19 11:53:50,509 finnish_business_portal.core.model: 1 queries to make (time taken > 2)...
10: 2019-02-19 11:53:50,511 finnish_business_portal.core.connection: Waiting 2 seconds
10: 2019-02-19 11:53:52,512 finnish_business_portal.core.connection: Connecting to http://avoindata.prh.fi/bis/v1?totalResults=false&maxResults=10&resultsFrom=0&companyRegistrationFrom=2014-02-28&name=Fortum...
20: 2019-02-19 11:54:24,789 finnish_business_portal.core.model: 1 queries to make (time taken > 2)...
10: 2019-02-19 11:54:24,791 finnish_business_portal.core.connection: Waiting 2 seconds
10: 2019-02-19 11:54:26,792 finnish_business_portal.core.connection: Connecting to http://avoindata.prh.fi/bis/v1?totalResults=false&maxResults=10&resultsFrom=0&companyRegistrationFrom=2014-02-28&name=Fortum...
20: 2019-02-19 15:07:03,734 finnish_business_portal.core.model: 1 queries to make (time taken > 2)...
10: 2019-02-19 15:07:03,736 finnish_business_portal.core.connection: Waiting 2 seconds
10: 2019-02-19 15:07:05,738 finnish_business_portal.core.connection: Connecting to http://avoindata.prh.fi/bis/v1?totalResults=false&maxResults=10&resultsFrom=0&companyRegistrationFrom=2014-02-28&name=Renk...
20: 2019-02-19 15:07:08,597 finnish_business_portal.core.model: 4 queries to make (time taken > 8)...
10: 2019-02-19 15:07:08,598 finnish_business_portal.core.connection: Waiting 2 seconds
10: 2019-02-19 15:07:10,598 finnish_business_portal.core.connection: Connecting to http://avoindata.prh.fi/opendata/bis/v1/2802278-9...
10: 2019-02-19 15:07:10,732 finnish_business_portal.core.connection: Waiting 2 seconds
10: 2019-02-19 15:07:12,732 finnish_business_portal.core.connection: Connecting to http://avoindata.prh.fi/opendata/bis/v1/2784387-6...
10: 2019-02-19 15:07:12,836 finnish_business_portal.core.connection: Waiting 2 seconds
10: 2019-02-19 15:07:14,838 finnish_business_portal.core.connection: Connecting to http://avoindata.prh.fi/opendata/bis/v1/2673098-4...
10: 2019-02-19 15:07:15,002 finnish_business_portal.core.connection: Waiting 2 seconds
10: 2019-02-19 15:07:17,004 finnish_business_portal.core.connection: Connecting to http://avoindata.prh.fi/opendata/bis/v1/2631713-7...
20: 2019-02-19 15:57:32,018 finnish_business_portal.core.model: 2 queries to make (time taken > 4)...
10: 2019-02-19 15:57:32,019 finnish_business_portal.core.connection: Waiting 2 seconds
10: 2019-02-19 15:57:34,030 finnish_business_portal.core.connection: Connecting to http://avoindata.prh.fi/bis/v1?totalResults=false&maxResults=10&resultsFrom=0&companyRegistrationFrom=2014-02-28&name=Fortum&companyForm=OYJ...
30: 2019-02-19 15:57:36,762 finnish_business_portal.core.connection: Failed to connect to http://avoindata.prh.fi/bis/v1?totalResults=false&maxResults=10&resultsFrom=0&companyRegistrationFrom=2014-02-28&name=Fortum&companyForm=OYJ
10: 2019-02-19 15:57:36,762 finnish_business_portal.core.connection: Waiting 2 seconds
10: 2019-02-19 15:57:38,778 finnish_business_portal.core.connection: Connecting to http://avoindata.prh.fi/bis/v1?totalResults=false&maxResults=10&resultsFrom=0&companyRegistrationFrom=2014-02-28&name=Nokia&companyForm=OYJ...
30: 2019-02-19 15:57:41,740 finnish_business_portal.core.connection: Failed to connect to http://avoindata.prh.fi/bis/v1?totalResults=false&maxResults=10&resultsFrom=0&companyRegistrationFrom=2014-02-28&name=Nokia&companyForm=OYJ
10: 2019-02-19 17:21:05,329 finnish_business_portal.core.connection: Connecting to http://avoindata.prh.fi/bis_v1.fi.json...
10: 2019-02-19 17:21:05,432 finnish_business_portal.core.connection: Connecting to http://avoindata.prh.fi/tr_v1.fi.json...
10: 2019-02-19 17:37:25,001 finnish_business_portal.core.connection: Connecting to http://avoindata.prh.fi/bis_v1.fi.json...
10: 2019-02-19 17:37:25,079 finnish_business_portal.core.connection: Connecting to http://avoindata.prh.fi/tr_v1.fi.json...
10: 2019-02-19 17:38:08,117 finnish_business_portal.core.connection: Connecting to http://avoindata.prh.fi/bis_v1.fi.json...
10: 2019-02-19 17:38:08,183 finnish_business_portal.core.connection: Connecting to http://avoindata.prh.fi/tr_v1.fi.json...
20: 2019-02-19 17:38:17,093 finnish_business_portal.core.model: 2 queries to make (time taken > 4)...
10: 2019-02-19 17:38:17,095 finnish_business_portal.core.connection: Waiting 2 seconds
10: 2019-02-19 17:38:19,109 finnish_business_portal.core.connection: Connecting to http://avoindata.prh.fi/bis/v1?...
30: 2019-02-19 17:38:19,167 finnish_business_portal.core.connection: Failed to connect to http://avoindata.prh.fi/bis/v1?
20: 2019-02-19 17:58:07,104 finnish_business_portal.core.model: 1 queries to make (time taken > 2)...
20: 2019-02-19 17:58:18,327 finnish_business_portal.core.model: 10 queries to make (time taken > 20)...
20: 2019-02-19 17:59:27,196 finnish_business_portal.core.model: 1 queries to make (time taken > 2)...
20: 2019-02-19 17:59:38,716 finnish_business_portal.core.model: 10 queries to make (time taken > 20)...
20: 2019-02-19 21:40:39,946 finnish_business_portal.core.model: 1 queries to make (time taken > 2)...
20: 2019-02-19 21:40:57,166 finnish_business_portal.core.model: 10 queries to make (time taken > 20)...
20: 2019-02-19 21:44:07,951 finnish_business_portal.core.model: 1 queries to make (time taken > 2)...
20: 2019-02-19 21:44:20,752 finnish_business_portal.core.model: 10 queries to make (time taken > 20)...
20: 2019-02-19 21:47:27,555 finnish_business_portal.core.model: 1 queries to make (time taken > 2)...
20: 2019-02-19 21:47:38,986 finnish_business_portal.core.model: 10 queries to make (time taken > 20)...
20: 2019-02-19 21:51:57,155 finnish_business_portal.core.model: 1 queries to make (time taken > 2)...
20: 2019-02-19 21:52:08,570 finnish_business_portal.core.model: 10 queries to make (time taken > 20)...
20: 2019-02-19 22:00:14,354 finnish_business_portal.core.model: 1 queries to make (time taken > 2)...
20: 2019-02-19 22:00:24,086 finnish_business_portal.core.model: 3 queries to make (time taken > 6)...
20: 2019-02-19 22:03:25,774 finnish_business_portal.core.model: 1 queries to make (time taken > 2)...
20: 2019-02-19 22:03:31,469 finnish_business_portal.core.model: 3 queries to make (time taken > 6)...
20: 2019-02-19 22:05:17,076 finnish_business_portal.core.model: 1 queries to make (time taken > 2)...
20: 2019-02-19 22:05:23,180 finnish_business_portal.core.model: 3 queries to make (time taken > 6)...
20: 2019-02-19 22:11:43,844 finnish_business_portal.core.model: 2 queries to make (time taken > 4)...
20: 2019-02-19 22:11:54,060 finnish_business_portal.core.model: 10 queries to make (time taken > 20)...
20: 2019-02-19 22:14:22,984 finnish_business_portal.core.model: 1 queries to make (time taken > 2)...
20: 2019-02-19 22:14:28,920 finnish_business_portal.core.model: 3 queries to make (time taken > 6)...
20: 2019-02-19 22:17:12,875 finnish_business_portal.core.model: 2 queries to make (time taken > 4)...
20: 2019-02-19 22:17:22,003 finnish_business_portal.core.model: 10 queries to make (time taken > 20)...
20: 2019-02-19 22:21:17,202 finnish_business_portal.core.model: 1 queries to make (time taken > 2)...
20: 2019-02-19 22:24:03,831 finnish_business_portal.core.model: 1 queries to make (time taken > 2)...
20: 2019-02-19 22:27:28,841 finnish_business_portal.core.model: 2 queries to make (time taken > 4)...
20: 2019-02-19 22:28:15,333 finnish_business_portal.core.model: 2 queries to make (time taken > 4)...
20: 2019-02-19 22:43:15,012 finnish_business_portal.core.model: 1 queries to make (time taken > 2)...
20: 2019-02-19 22:43:40,499 finnish_business_portal.core.model: 2 queries to make (time taken > 4)...
20: 2019-02-19 22:45:12,009 finnish_business_portal.core.model: 1 queries to make (time taken > 2)...
20: 2019-02-19 22:45:28,629 finnish_business_portal.core.model: 1 queries to make (time taken > 2)...
20: 2019-02-19 22:45:43,885 finnish_business_portal.core.model: 1 queries to make (time taken > 2)...
20: 2019-02-19 22:47:53,900 finnish_business_portal.core.model: 2 queries to make (time taken > 4)...
20: 2019-02-19 22:48:40,973 finnish_business_portal.core.model: 1 queries to make (time taken > 2)...
20: 2019-02-19 22:49:45,793 finnish_business_portal.core.model: 1 queries to make (time taken > 2)...
20: 2019-02-19 22:50:04,313 finnish_business_portal.core.model: 1 queries to make (time taken > 2)...
20: 2019-02-19 22:59:26,171 finnish_business_portal.core.model: 2 queries to make (time taken > 4)...
30: 2019-02-19 22:59:35,969 finnish_business_portal.core.model: Not all entries in the API searched (returning 10), set loop_results=True to get them.
20: 2019-02-19 23:02:12,289 finnish_business_portal.core.model: 2 queries to make (time taken > 4)...
30: 2019-02-19 23:02:21,539 finnish_business_portal.core.model: Not all entries in the API searched (returning 10), set loop_results=True to get them.
20: 2019-02-19 23:02:52,608 finnish_business_portal.core.model: 2 queries to make (time taken > 4)...
20: 2019-02-19 23:11:15,090 finnish_business_portal.core.model: 2 queries to make (time taken > 4)...
20: 2019-02-19 23:19:28,583 finnish_business_portal.core.model: 2 queries to make (time taken > 4)...
30: 2019-02-19 23:19:37,764 finnish_business_portal.core.model: Not all entries in the API searched (10), set loop_results=True to get all.
20: 2019-02-19 23:19:37,764 finnish_business_portal.core.model: 10 queries to make (time taken > 20)...
20: 2019-02-19 23:20:13,196 finnish_business_portal.core.model: 2 queries to make (time taken > 4)...
30: 2019-02-19 23:20:22,439 finnish_business_portal.core.model: Not all entries in the API searched (10 vs 12), set loop_results=True to get all.
20: 2019-02-19 23:20:22,440 finnish_business_portal.core.model: 10 queries to make (time taken > 20)...
20: 2019-02-19 23:21:58,550 finnish_business_portal.core.model: 1 queries to make (time taken > 2)...
20: 2019-02-19 23:22:07,773 finnish_business_portal.core.model: 9 queries to make (time taken > 18)...
20: 2019-02-19 23:23:44,408 finnish_business_portal.core.model: 2 queries to make (time taken > 4)...
30: 2019-02-19 23:23:53,616 finnish_business_portal.core.model: Not all entries in the API searched (10), set loop_results=True to get all.
20: 2019-02-19 23:27:47,263 finnish_business_portal.core.model: 1 queries to make (time taken > 2)...
20: 2019-02-19 23:28:07,482 finnish_business_portal.core.model: 2 queries to make (time taken > 4)...
30: 2019-02-19 23:28:16,941 finnish_business_portal.core.model: Not all entries in the API searched (10 vs 12), set loop_results=True to get all.
20: 2019-02-19 23:28:16,941 finnish_business_portal.core.model: 10 queries to make (time taken > 20)...
20: 2019-02-19 23:28:38,022 finnish_business_portal.core.model: 1 queries to make (time taken > 2)...
20: 2019-02-19 23:28:46,910 finnish_business_portal.core.model: 9 queries to make (time taken > 18)...
20: 2019-02-19 23:31:15,021 finnish_business_portal.core.model: 1 queries to make (time taken > 2)...
20: 2019-02-19 23:34:19,452 finnish_business_portal.core.model: 1 queries to make (time taken > 2)...
30: 2019-02-19 23:34:31,157 finnish_business_portal.core.model: Not all entries in the API searched (10), set loop_results=True to get all.
20: 2019-02-19 23:36:29,472 finnish_business_portal.core.model: 1 queries to make (time taken > 2)...
30: 2019-02-19 23:36:40,463 finnish_business_portal.core.model: Not all entries in the API searched (10), set loop_results=True to get all.
20: 2019-02-19 23:36:40,464 finnish_business_portal.core.model: 10 queries to make (time taken > 20)...
20: 2019-02-19 23:46:03,250 finnish_business_portal.core.model: 2 queries to make (time taken > 4)...
30: 2019-02-19 23:46:12,201 finnish_business_portal.core.model: Not all entries in the API searched (10), set loop_results=True to get all.
20: 2019-02-19 23:46:16,127 finnish_business_portal.core.model: 2 queries to make (time taken > 4)...
20: 2019-02-19 23:46:32,907 finnish_business_portal.core.model: 2 queries to make (time taken > 4)...
30: 2019-02-19 23:46:42,464 finnish_business_portal.core.model: Not all entries in the API searched (10 vs 12), set loop_results=True to get all.
20: 2019-02-19 23:46:42,464 finnish_business_portal.core.model: 10 queries to make (time taken > 20)...
20: 2019-02-19 23:47:06,072 finnish_business_portal.core.model: 1 queries to make (time taken > 2)...
20: 2019-02-19 23:47:14,867 finnish_business_portal.core.model: 9 queries to make (time taken > 18)...
20: 2019-02-19 23:48:01,591 finnish_business_portal.core.model: 1 queries to make (time taken > 2)...
30: 2019-02-19 23:48:13,035 finnish_business_portal.core.model: Not all entries in the API searched (10), set loop_results=True to get all.
20: 2019-02-19 23:48:13,035 finnish_business_portal.core.model: 10 queries to make (time taken > 20)...
